<?xml version="1.0" encoding="UTF-8"?>
<robot generator="Robot 6.0.1 (Python 3.11.1 on win32)" generated="20230328 14:35:01.743" rpa="false" schemaversion="3">
<suite id="s1" name="Test1-Acc" source="C:\Users\Ilham BOURHAIM\PycharmProjects\pythonProject13\projet7 - Batterie - Filtre\test1-acc.robot">
<test id="s1-t1" name="Batterie" line="14">
<kw name="open the browser with URL" library="resources">
<kw name="Create Webdriver" library="SeleniumLibrary">
<arg>Chrome</arg>
<doc>Creates an instance of Selenium WebDriver.</doc>
<msg timestamp="20230328 14:35:02.118" level="INFO">Creating an instance of the Chrome WebDriver.</msg>
<status status="PASS" starttime="20230328 14:35:02.118" endtime="20230328 14:35:03.785"/>
</kw>
<kw name="Go To" library="SeleniumLibrary">
<arg>${URL}</arg>
<doc>Navigates the current browser window to the provided ``url``.</doc>
<msg timestamp="20230328 14:35:03.786" level="INFO">Opening url 'http://192.168.31.31/'</msg>
<status status="PASS" starttime="20230328 14:35:03.785" endtime="20230328 14:35:05.816"/>
</kw>
<kw name="Maximize Browser Window" library="SeleniumLibrary">
<doc>Maximizes current browser window.</doc>
<status status="PASS" starttime="20230328 14:35:05.816" endtime="20230328 14:35:06.000"/>
</kw>
<kw name="Sleep" library="BuiltIn">
<arg>6</arg>
<doc>Pauses the test executed for the given time.</doc>
<msg timestamp="20230328 14:35:12.000" level="INFO">Slept 6 seconds</msg>
<status status="PASS" starttime="20230328 14:35:06.000" endtime="20230328 14:35:12.000"/>
</kw>
<status status="PASS" starttime="20230328 14:35:02.118" endtime="20230328 14:35:12.000"/>
</kw>
<kw name="click an alimentation-Batterie" library="test1-Batterie-Acc-filtre">
<kw name="Click Element" library="SeleniumLibrary">
<arg>css:body.home.page-template-default.page.page-id-1039.theme-flatsome.woocommerce-js.yith-wcan-pro.lightbox.nav-dropdown-has-shadow.nav-dropdown-has-border.page-template-blank.page-template-blank-php:nth-child(2) div.content-area div.row:nth-child(3) div.col.small-12.large-12 div.col-inner div.row.row-small.row-full-width div.col.medium-12.small-12.large-6:nth-child(2) div.col-inner div.row.row-small div.col.medium-6.small-12.large-6:nth-child(2) div.col-inner div.box.has-hover.has-hover.box-overlay.dark.box-text-middle div.box-text.text-center div.box-text-inner a.button.primary &gt; span:nth-child(1)</arg>
<doc>Click the element identified by ``locator``.</doc>
<msg timestamp="20230328 14:35:12.000" level="INFO">Clicking element 'css:body.home.page-template-default.page.page-id-1039.theme-flatsome.woocommerce-js.yith-wcan-pro.lightbox.nav-dropdown-has-shadow.nav-dropdown-has-border.page-template-blank.page-template-blank-php:nth-child(2) div.content-area div.row:nth-child(3) div.col.small-12.large-12 div.col-inner div.row.row-small.row-full-width div.col.medium-12.small-12.large-6:nth-child(2) div.col-inner div.row.row-small div.col.medium-6.small-12.large-6:nth-child(2) div.col-inner div.box.has-hover.has-hover.box-overlay.dark.box-text-middle div.box-text.text-center div.box-text-inner a.button.primary &gt; span:nth-child(1)'.</msg>
<status status="PASS" starttime="20230328 14:35:12.000" endtime="20230328 14:35:13.739"/>
</kw>
<kw name="Sleep" library="BuiltIn">
<arg>7</arg>
<doc>Pauses the test executed for the given time.</doc>
<msg timestamp="20230328 14:35:20.740" level="INFO">Slept 7 seconds</msg>
<status status="PASS" starttime="20230328 14:35:13.739" endtime="20230328 14:35:20.740"/>
</kw>
<kw name="Click Element" library="SeleniumLibrary">
<arg>css:body.page-template-default.page.page-id-775.theme-flatsome.woocommerce-js.yith-wcan-pro.lightbox.nav-dropdown-has-shadow.nav-dropdown-has-border.page-template-blank.page-template-blank-php:nth-child(2) div.content-area section.section:nth-child(3) div.section-content.relative:nth-child(2) div.row:nth-child(1) div.col.medium-4.small-12.large-4:nth-child(1) div.col-inner.box-shadow-3:nth-child(1) div.row.row-collapse div.col.medium-8.large-8:nth-child(2) div.col-inner h3:nth-child(2) &gt; a:nth-child(1)</arg>
<doc>Click the element identified by ``locator``.</doc>
<msg timestamp="20230328 14:35:20.740" level="INFO">Clicking element 'css:body.page-template-default.page.page-id-775.theme-flatsome.woocommerce-js.yith-wcan-pro.lightbox.nav-dropdown-has-shadow.nav-dropdown-has-border.page-template-blank.page-template-blank-php:nth-child(2) div.content-area section.section:nth-child(3) div.section-content.relative:nth-child(2) div.row:nth-child(1) div.col.medium-4.small-12.large-4:nth-child(1) div.col-inner.box-shadow-3:nth-child(1) div.row.row-collapse div.col.medium-8.large-8:nth-child(2) div.col-inner h3:nth-child(2) &gt; a:nth-child(1)'.</msg>
<status status="PASS" starttime="20230328 14:35:20.740" endtime="20230328 14:35:24.234"/>
</kw>
<kw name="Sleep" library="BuiltIn">
<arg>7</arg>
<doc>Pauses the test executed for the given time.</doc>
<msg timestamp="20230328 14:35:31.234" level="INFO">Slept 7 seconds</msg>
<status status="PASS" starttime="20230328 14:35:24.234" endtime="20230328 14:35:31.234"/>
</kw>
<status status="PASS" starttime="20230328 14:35:12.000" endtime="20230328 14:35:31.234"/>
</kw>
<kw name="filtrer les produits by attribute" library="test1-Batterie-Acc-filtre">
<arg>${Fabricant}</arg>
<arg>${Nombre_de_sortie}</arg>
<arg>${Taille_Dimension}</arg>
<arg>${Tension_Entrée_Max}</arg>
<arg>${Tension_Entrée_Min}</arg>
<kw name="Select From List By Index" library="SeleniumLibrary">
<arg>${Fabricant_Batterie1}</arg>
<arg>${Fabricant}</arg>
<doc>Selects options from selection list ``locator`` by ``indexes``.</doc>
<msg timestamp="20230328 14:35:31.234" level="INFO">Selecting options from selection list 'xpath://body/div[@id='wrapper']/main[@id='main']/div[1]/div[1]/div[1]/aside[1]/div[2]/div[1]/div[2]/select[1]' by index 1.</msg>
<status status="PASS" starttime="20230328 14:35:31.234" endtime="20230328 14:35:31.403"/>
</kw>
<kw name="Sleep" library="BuiltIn">
<arg>5</arg>
<doc>Pauses the test executed for the given time.</doc>
<msg timestamp="20230328 14:35:36.403" level="INFO">Slept 5 seconds</msg>
<status status="PASS" starttime="20230328 14:35:31.403" endtime="20230328 14:35:36.403"/>
</kw>
<kw name="Select From List By Index" library="SeleniumLibrary">
<arg>${Nombre_de_sortie1}</arg>
<arg>${Nombre_de_sortie}</arg>
<doc>Selects options from selection list ``locator`` by ``indexes``.</doc>
<msg timestamp="20230328 14:35:36.403" level="INFO">Selecting options from selection list 'xpath://body/div[@id='wrapper']/main[@id='main']/div[1]/div[1]/div[1]/aside[1]/div[2]/div[2]/div[2]/select[1]' by index 1.</msg>
<status status="PASS" starttime="20230328 14:35:36.403" endtime="20230328 14:35:36.546"/>
</kw>
<kw name="Sleep" library="BuiltIn">
<arg>5</arg>
<doc>Pauses the test executed for the given time.</doc>
<msg timestamp="20230328 14:35:41.547" level="INFO">Slept 5 seconds</msg>
<status status="PASS" starttime="20230328 14:35:36.546" endtime="20230328 14:35:41.547"/>
</kw>
<kw name="Select From List By Index" library="SeleniumLibrary">
<arg>${Taille_Dimension1}</arg>
<arg>${Taille_Dimension}</arg>
<doc>Selects options from selection list ``locator`` by ``indexes``.</doc>
<msg timestamp="20230328 14:35:41.547" level="INFO">Selecting options from selection list 'xpath://body/div[@id='wrapper']/main[@id='main']/div[1]/div[1]/div[1]/aside[1]/div[2]/div[3]/div[2]/select[1]' by index 1.</msg>
<status status="PASS" starttime="20230328 14:35:41.547" endtime="20230328 14:35:41.727"/>
</kw>
<kw name="Sleep" library="BuiltIn">
<arg>5</arg>
<doc>Pauses the test executed for the given time.</doc>
<msg timestamp="20230328 14:35:46.727" level="INFO">Slept 5 seconds</msg>
<status status="PASS" starttime="20230328 14:35:41.727" endtime="20230328 14:35:46.727"/>
</kw>
<kw name="Select From List By Index" library="SeleniumLibrary">
<arg>${Tension_Entrée_Max1}</arg>
<arg>${Tension_Entrée_Max}</arg>
<doc>Selects options from selection list ``locator`` by ``indexes``.</doc>
<msg timestamp="20230328 14:35:46.730" level="INFO">Selecting options from selection list 'xpath://body/div[@id='wrapper']/main[@id='main']/div[1]/div[1]/div[1]/aside[1]/div[2]/div[4]/div[2]/select[1]' by index 1.</msg>
<status status="PASS" starttime="20230328 14:35:46.727" endtime="20230328 14:35:46.877"/>
</kw>
<kw name="Sleep" library="BuiltIn">
<arg>5</arg>
<doc>Pauses the test executed for the given time.</doc>
<msg timestamp="20230328 14:35:51.879" level="INFO">Slept 5 seconds</msg>
<status status="PASS" starttime="20230328 14:35:46.877" endtime="20230328 14:35:51.880"/>
</kw>
<kw name="Select From List By Index" library="SeleniumLibrary">
<arg>${Tension_Entrée_Min1}</arg>
<arg>${Tension_Entrée_Min}</arg>
<doc>Selects options from selection list ``locator`` by ``indexes``.</doc>
<msg timestamp="20230328 14:35:51.886" level="INFO">Selecting options from selection list 'xpath://body/div[@id='wrapper']/main[@id='main']/div[1]/div[1]/div[1]/aside[1]/div[2]/div[5]/div[2]/select[1]' by index 1.</msg>
<status status="PASS" starttime="20230328 14:35:51.881" endtime="20230328 14:35:52.025"/>
</kw>
<kw name="Sleep" library="BuiltIn">
<arg>5</arg>
<doc>Pauses the test executed for the given time.</doc>
<msg timestamp="20230328 14:35:57.025" level="INFO">Slept 5 seconds</msg>
<status status="PASS" starttime="20230328 14:35:52.025" endtime="20230328 14:35:57.025"/>
</kw>
<kw name="Click Element" library="SeleniumLibrary">
<arg>${button_filtre}</arg>
<doc>Click the element identified by ``locator``.</doc>
<msg timestamp="20230328 14:35:57.025" level="INFO">Clicking element 'xpath://button[contains(text(),'Filtre')]'.</msg>
<status status="PASS" starttime="20230328 14:35:57.025" endtime="20230328 14:35:59.235"/>
</kw>
<kw name="Sleep" library="BuiltIn">
<arg>4</arg>
<doc>Pauses the test executed for the given time.</doc>
<msg timestamp="20230328 14:36:03.236" level="INFO">Slept 4 seconds</msg>
<status status="PASS" starttime="20230328 14:35:59.235" endtime="20230328 14:36:03.236"/>
</kw>
<kw name="Wait Until Element Is Visible" library="SeleniumLibrary">
<arg>${PRODUIT1_Batterie}</arg>
<doc>Waits until the element ``locator`` is visible.</doc>
<status status="PASS" starttime="20230328 14:36:03.236" endtime="20230328 14:36:03.302"/>
</kw>
<kw name="Sleep" library="BuiltIn">
<arg>5</arg>
<doc>Pauses the test executed for the given time.</doc>
<msg timestamp="20230328 14:36:08.303" level="INFO">Slept 5 seconds</msg>
<status status="PASS" starttime="20230328 14:36:03.302" endtime="20230328 14:36:08.303"/>
</kw>
<status status="PASS" starttime="20230328 14:35:31.234" endtime="20230328 14:36:08.303"/>
</kw>
<status status="PASS" starttime="20230328 14:35:02.102" endtime="20230328 14:36:08.303"/>
</test>
<doc>Batterie</doc>
<status status="PASS" starttime="20230328 14:35:01.743" endtime="20230328 14:36:08.303"/>
</suite>
<statistics>
<total>
<stat pass="1" fail="0" skip="0">All Tests</stat>
</total>
<tag>
</tag>
<suite>
<stat pass="1" fail="0" skip="0" id="s1" name="Test1-Acc">Test1-Acc</stat>
</suite>
</statistics>
<errors>
</errors>
</robot>
